<?xml version="1.0" encoding="UTF-8"?>
<!-- Generated by org.testng.reporters.JUnitXMLReporter -->
<testsuite ignored="0" hostname="DESKTOP-45QULVU" failures="1" tests="5" name="ErrorValidationTest" time="26.198" errors="0" timestamp="2026-03-01T04:19:14 IST">
  <testcase classname="Ecommerce.test.ErrorValidationTest" name="LoginErrorValidation" time="0.658"/>
  <testcase classname="Ecommerce.test.ErrorValidationTest" name="LoginErrorValidation" time="0.719">
    <skipped/>
  </testcase> <!-- LoginErrorValidation -->
  <testcase classname="Ecommerce.test.ErrorValidationTest" name="LoginErrorValidation" time="3.071">
    <skipped/>
  </testcase> <!-- LoginErrorValidation -->
  <testcase classname="Ecommerce.test.ErrorValidationTest" name="LoginErrorValidation" time="0.711">
    <skipped/>
  </testcase> <!-- LoginErrorValidation -->
  <testcase classname="Ecommerce.test.ErrorValidationTest" name="LoginErrorValidation" time="0.772">
    <failure type="java.lang.AssertionError" message="expected [AUTOMATION
Automation Practice
HOME            ORDERS  Cart Sign Out
Home | Search
Filters
Price Range
Categories
fashion
electronics
household
Sub Categories
t-shirts
shirts
shoes
mobiles
laptops
Search For
men
women
Showing 3 results   |
User can only see maximum 9 products on a page
ADIDAS ORIGINAL
$ 11500
View
Add To Cart
ZARA COAT 3
$ 11500
View
Add To Cart
IPHONE 13 PRO
$ 55000
View
Add To Cart
Previous
page
You&amp;apos;re on page
1 Next
page
Design and Developed By - Kunal Sharma] but found [Incorrect email or password.]">
      <![CDATA[java.lang.AssertionError: expected [AUTOMATION
Automation Practice
HOME            ORDERS  Cart Sign Out
Home | Search
Filters
Price Range
Categories
fashion
electronics
household
Sub Categories
t-shirts
shirts
shoes
mobiles
laptops
Search For
men
women
Showing 3 results   |
User can only see maximum 9 products on a page
ADIDAS ORIGINAL
$ 11500
View
Add To Cart
ZARA COAT 3
$ 11500
View
Add To Cart
IPHONE 13 PRO
$ 55000
View
Add To Cart
Previous
page
You're on page
1 Next
page
Design and Developed By - Kunal Sharma] but found [Incorrect email or password.]
at Ecommerce.test.ErrorValidationTest.LoginErrorValidation(ErrorValidationTest.java:17)
at java.base/java.util.ArrayList.forEach(ArrayList.java:1596)
... Removed 31 stack frames]]>
    </failure>
  </testcase> <!-- LoginErrorValidation -->
</testsuite> <!-- ErrorValidationTest -->
