<?xml version="1.0" encoding="UTF-8"?>
<!-- Generated by org.testng.reporters.JUnitXMLReporter -->
<testsuite ignored="0" hostname="DESKTOP-45QULVU" failures="0" tests="3" name="Test" time="19.656" errors="0" timestamp="2026-02-25T23:47:49 IST">
  <testcase classname="Ecommerce.test.StandAloneTest" name="productErrorValidation" time="0.973"/>
  <testcase classname="Ecommerce.test.StandAloneTest" name="SubmitOrder" time="6.742"/>
  <testcase classname="Ecommerce.test.ErrorValidationTest" name="LoginErrorValidation" time="0.733"/>
</testsuite> <!-- Test -->
